# JRE version: OpenJDK Runtime Environment (19.0.2+7) (build 19.0.2+7-44)
# Java VM: OpenJDK 64-Bit Server VM (19.0.2+7-44, mixed mode, sharing, tiered, compressed oops, compressed class ptrs, g1 gc, windows-amd64)
GC Precious Log:
 CardTable entry size: 512
 Card Set container configuration: InlinePtr #cards 5 size 8 Array Of Cards #cards 12 size 40 Howl #buckets 4 coarsen threshold 1843 Howl Bitmap #cards 512 size 80 coarsen threshold 460 Card regions per heap region 1 cards per card region 2048
 CPUs: 12 total, 12 available
 Memory: 7519M
 Large Page Support: Disabled
 NUMA Support: Disabled
 Compressed Oops: Enabled (32-bit)
 Heap Region Size: 1M
 Heap Min Capacity: 8M
 Heap Initial Capacity: 118M
 Heap Max Capacity: 1880M
 Pre-touch: Disabled
 Parallel Workers: 10
 Concurrent Workers: 3
 Concurrent Refinement Workers: 10
 Periodic GC: Disabled
Heap:
 garbage-first heap   total 71680K, used 30557K [0x000000008a800000, 0x0000000100000000)
  region size 1024K, 11 young (11264K), 4 survivors (4096K)
 Metaspace       used 47390K, committed 48000K, reserved 1114112K
  class space    used 6052K, committed 6336K, reserved 1048576K
GC Heap History (20 events):
Event: 1.678 GC heap before
{Heap before GC invocations=2 (full 0):
 garbage-first heap   total 120832K, used 49439K [0x000000008a800000, 0x0000000100000000)
  region size 1024K, 44 young (45056K), 3 survivors (3072K)
 Metaspace       used 21268K, committed 21504K, reserved 1114112K
  class space    used 2579K, committed 2688K, reserved 1048576K
}
Event: 1.684 GC heap after
{Heap after GC invocations=3 (full 0):
 garbage-first heap   total 120832K, used 13106K [0x000000008a800000, 0x0000000100000000)
  region size 1024K, 6 young (6144K), 6 survivors (6144K)
 Metaspace       used 21268K, committed 21504K, reserved 1114112K
  class space    used 2579K, committed 2688K, reserved 1048576K
}
Event: 2.125 GC heap before
{Heap before GC invocations=4 (full 0):
 garbage-first heap   total 48128K, used 35634K [0x000000008a800000, 0x0000000100000000)
  region size 1024K, 28 young (28672K), 6 survivors (6144K)
 Metaspace       used 23831K, committed 24192K, reserved 1114112K
  class space    used 2891K, committed 3072K, reserved 1048576K
}
Event: 2.131 GC heap after
{Heap after GC invocations=5 (full 0):
 garbage-first heap   total 48128K, used 15158K [0x000000008a800000, 0x0000000100000000)
  region size 1024K, 3 young (3072K), 3 survivors (3072K)
 Metaspace       used 23831K, committed 24192K, reserved 1114112K
  class space    used 2891K, committed 3072K, reserved 1048576K
}
Event: 2.147 GC heap before
{Heap before GC invocations=5 (full 0):
 garbage-first heap   total 48128K, used 16182K [0x000000008a800000, 0x0000000100000000)
  region size 1024K, 4 young (4096K), 3 survivors (3072K)
 Metaspace       used 23991K, committed 24320K, reserved 1114112K
  class space    used 2911K, committed 3072K, reserved 1048576K
}
Event: 2.150 GC heap after
{Heap after GC invocations=6 (full 0):
 garbage-first heap   total 48128K, used 15797K [0x000000008a800000, 0x0000000100000000)
  region size 1024K, 1 young (1024K), 1 survivors (1024K)
 Metaspace       used 23991K, committed 24320K, reserved 1114112K
  class space    used 2911K, committed 3072K, reserved 1048576K
}
Event: 2.856 GC heap before
{Heap before GC invocations=6 (full 0):
 garbage-first heap   total 48128K, used 33205K [0x000000008a800000, 0x0000000100000000)
  region size 1024K, 18 young (18432K), 1 survivors (1024K)
 Metaspace       used 27180K, committed 27520K, reserved 1114112K
  class space    used 3384K, committed 3520K, reserved 1048576K
}
Event: 2.858 GC heap after
{Heap after GC invocations=7 (full 0):
 garbage-first heap   total 48128K, used 16334K [0x000000008a800000, 0x0000000100000000)
  region size 1024K, 2 young (2048K), 2 survivors (2048K)
 Metaspace       used 27180K, committed 27520K, reserved 1114112K
  class space    used 3384K, committed 3520K, reserved 1048576K
}
Event: 3.400 GC heap before
{Heap before GC invocations=7 (full 0):
 garbage-first heap   total 48128K, used 33742K [0x000000008a800000, 0x0000000100000000)
  region size 1024K, 20 young (20480K), 2 survivors (2048K)
 Metaspace       used 30747K, committed 31168K, reserved 1114112K
  class space    used 3873K, committed 4032K, reserved 1048576K
}
Event: 3.403 GC heap after
{Heap after GC invocations=8 (full 0):
 garbage-first heap   total 48128K, used 18074K [0x000000008a800000, 0x0000000100000000)
  region size 1024K, 3 young (3072K), 3 survivors (3072K)
 Metaspace       used 30747K, committed 31168K, reserved 1114112K
  class space    used 3873K, committed 4032K, reserved 1048576K
}
Event: 3.751 GC heap before
{Heap before GC invocations=8 (full 0):
 garbage-first heap   total 48128K, used 34458K [0x000000008a800000, 0x0000000100000000)
  region size 1024K, 20 young (20480K), 3 survivors (3072K)
 Metaspace       used 33968K, committed 34560K, reserved 1114112K
  class space    used 4268K, committed 4544K, reserved 1048576K
}
Event: 3.754 GC heap after
{Heap after GC invocations=9 (full 0):
 garbage-first heap   total 48128K, used 19565K [0x000000008a800000, 0x0000000100000000)
  region size 1024K, 2 young (2048K), 2 survivors (2048K)
 Metaspace       used 33968K, committed 34560K, reserved 1114112K
  class space    used 4268K, committed 4544K, reserved 1048576K
}
Event: 3.891 GC heap before
{Heap before GC invocations=9 (full 0):
 garbage-first heap   total 48128K, used 22637K [0x000000008a800000, 0x0000000100000000)
  region size 1024K, 7 young (7168K), 2 survivors (2048K)
 Metaspace       used 35615K, committed 36096K, reserved 1114112K
  class space    used 4478K, committed 4736K, reserved 1048576K
}
Event: 3.893 GC heap after
{Heap after GC invocations=10 (full 0):
 garbage-first heap   total 48128K, used 19806K [0x000000008a800000, 0x0000000100000000)
  region size 1024K, 2 young (2048K), 2 survivors (2048K)
 Metaspace       used 35615K, committed 36096K, reserved 1114112K
  class space    used 4478K, committed 4736K, reserved 1048576K
}
Event: 4.160 GC heap before
{Heap before GC invocations=11 (full 0):
 garbage-first heap   total 48128K, used 36190K [0x000000008a800000, 0x0000000100000000)
  region size 1024K, 18 young (18432K), 2 survivors (2048K)
 Metaspace       used 39876K, committed 40448K, reserved 1114112K
  class space    used 5044K, committed 5312K, reserved 1048576K
}
Event: 4.164 GC heap after
{Heap after GC invocations=12 (full 0):
 garbage-first heap   total 71680K, used 21756K [0x000000008a800000, 0x0000000100000000)
  region size 1024K, 3 young (3072K), 3 survivors (3072K)
 Metaspace       used 39876K, committed 40448K, reserved 1114112K
  class space    used 5044K, committed 5312K, reserved 1048576K
}
Event: 4.184 GC heap before
{Heap before GC invocations=12 (full 0):
 garbage-first heap   total 71680K, used 22780K [0x000000008a800000, 0x0000000100000000)
  region size 1024K, 4 young (4096K), 3 survivors (3072K)
 Metaspace       used 40154K, committed 40640K, reserved 1114112K
  class space    used 5090K, committed 5312K, reserved 1048576K
}
Event: 4.191 GC heap after
{Heap after GC invocations=13 (full 0):
 garbage-first heap   total 71680K, used 21568K [0x000000008a800000, 0x0000000100000000)
  region size 1024K, 1 young (1024K), 1 survivors (1024K)
 Metaspace       used 40154K, committed 40640K, reserved 1114112K
  class space    used 5090K, committed 5312K, reserved 1048576K
}
Event: 4.663 GC heap before
{Heap before GC invocations=13 (full 0):
 garbage-first heap   total 71680K, used 51264K [0x000000008a800000, 0x0000000100000000)
  region size 1024K, 31 young (31744K), 1 survivors (1024K)
 Metaspace       used 46561K, committed 47168K, reserved 1114112K
  class space    used 5935K, committed 6208K, reserved 1048576K
}
Event: 4.666 GC heap after
{Heap after GC invocations=14 (full 0):
 garbage-first heap   total 71680K, used 24413K [0x000000008a800000, 0x0000000100000000)
  region size 1024K, 4 young (4096K), 4 survivors (4096K)
 Metaspace       used 46561K, committed 47168K, reserved 1114112K
  class space    used 5935K, committed 6208K, reserved 1048576K
}

